L 02/05/2018 - 10:04:54: SourceMod log file session started (file "L20180205.log") (Version "1.8.0.6040")
L 02/05/2018 - 10:04:54: -------- Mapchange to c1m2_streets --------
L 02/05/2018 - 10:04:55: [basecommands.smx] "Console<0><Console><Console>" changed cvar (cvar "mp_gamemode") (value "coop")
L 02/05/2018 - 10:04:55: [basecommands.smx] "Console<0><Console><Console>" changed cvar (cvar "sb_all_bot_game") (value "1")
L 02/05/2018 - 10:04:55: [basecommands.smx] "Console<0><Console><Console>" changed cvar (cvar "sb_escort") (value "1")
L 02/05/2018 - 10:04:55: [basecommands.smx] "Console<0><Console><Console>" changed cvar (cvar "fps_max") (value "0")
L 02/05/2018 - 10:04:55: [basecommands.smx] "Console<0><Console><Console>" changed cvar (cvar "sv_region") (value "4")
L 02/05/2018 - 10:04:55: [basecommands.smx] "Console<0><Console><Console>" changed cvar (cvar "sv_minrate") (value "30000")
L 02/05/2018 - 10:04:55: [basecommands.smx] "Console<0><Console><Console>" changed cvar (cvar "sv_maxrate") (value "30000")
L 02/05/2018 - 10:04:55: [basecommands.smx] "Console<0><Console><Console>" changed cvar (cvar "sv_minupdaterate") (value "30")
L 02/05/2018 - 10:04:55: [basecommands.smx] "Console<0><Console><Console>" changed cvar (cvar "sv_maxupdaterate") (value "31")
L 02/05/2018 - 10:04:55: [basecommands.smx] "Console<0><Console><Console>" changed cvar (cvar "sv_mincmdrate") (value "30")
L 02/05/2018 - 10:04:55: [basecommands.smx] "Console<0><Console><Console>" changed cvar (cvar "sv_maxcmdrate") (value "31")
L 02/05/2018 - 10:04:55: [basecommands.smx] "Console<0><Console><Console>" changed cvar (cvar "sv_client_min_interp_ratio") (value "0")
L 02/05/2018 - 10:04:55: [basecommands.smx] "Console<0><Console><Console>" changed cvar (cvar "sv_client_max_interp_ratio") (value "2")
L 02/05/2018 - 10:04:56: [basecommands.smx] "Console<0><Console><Console>" changed cvar (cvar "sv_maxplayers") (value "8")
L 02/05/2018 - 10:04:56: [basecommands.smx] "Console<0><Console><Console>" changed cvar (cvar "sv_visiblemaxplayers") (value "8")
L 02/05/2018 - 12:49:41: -------- Mapchange to c1m2_streets --------
L 02/05/2018 - 12:49:42: [basecommands.smx] "Console<0><Console><Console>" changed cvar (cvar "mp_gamemode") (value "coop")
L 02/05/2018 - 12:49:42: [basecommands.smx] "Console<0><Console><Console>" changed cvar (cvar "sb_all_bot_game") (value "1")
L 02/05/2018 - 12:49:42: [basecommands.smx] "Console<0><Console><Console>" changed cvar (cvar "sb_escort") (value "1")
L 02/05/2018 - 12:49:42: [basecommands.smx] "Console<0><Console><Console>" changed cvar (cvar "fps_max") (value "0")
L 02/05/2018 - 12:49:42: [basecommands.smx] "Console<0><Console><Console>" changed cvar (cvar "sv_region") (value "4")
L 02/05/2018 - 12:49:42: [basecommands.smx] "Console<0><Console><Console>" changed cvar (cvar "sv_minrate") (value "30000")
L 02/05/2018 - 12:49:42: [basecommands.smx] "Console<0><Console><Console>" changed cvar (cvar "sv_maxrate") (value "30000")
L 02/05/2018 - 12:49:42: [basecommands.smx] "Console<0><Console><Console>" changed cvar (cvar "sv_minupdaterate") (value "30")
L 02/05/2018 - 12:49:42: [basecommands.smx] "Console<0><Console><Console>" changed cvar (cvar "sv_maxupdaterate") (value "31")
L 02/05/2018 - 12:49:42: [basecommands.smx] "Console<0><Console><Console>" changed cvar (cvar "sv_mincmdrate") (value "30")
L 02/05/2018 - 12:49:42: [basecommands.smx] "Console<0><Console><Console>" changed cvar (cvar "sv_maxcmdrate") (value "31")
L 02/05/2018 - 12:49:42: [basecommands.smx] "Console<0><Console><Console>" changed cvar (cvar "sv_client_min_interp_ratio") (value "0")
L 02/05/2018 - 12:49:42: [basecommands.smx] "Console<0><Console><Console>" changed cvar (cvar "sv_client_max_interp_ratio") (value "2")
L 02/05/2018 - 12:49:43: [basecommands.smx] "Console<0><Console><Console>" changed cvar (cvar "sv_maxplayers") (value "8")
L 02/05/2018 - 12:49:43: [basecommands.smx] "Console<0><Console><Console>" changed cvar (cvar "sv_visiblemaxplayers") (value "8")
L 02/05/2018 - 12:52:00: [basecommands.smx] "Console<0><Console><Console>" changed cvar (cvar "sv_maxplayers") (value "8")
L 02/05/2018 - 12:52:00: [basecommands.smx] "Console<0><Console><Console>" changed cvar (cvar "sv_visiblemaxplayers") (value "8")
L 02/05/2018 - 13:05:17: -------- Mapchange to c1m2_streets --------
L 02/05/2018 - 13:05:18: [basecommands.smx] "Console<0><Console><Console>" changed cvar (cvar "mp_gamemode") (value "coop")
L 02/05/2018 - 13:05:18: [basecommands.smx] "Console<0><Console><Console>" changed cvar (cvar "sb_all_bot_game") (value "1")
L 02/05/2018 - 13:05:18: [basecommands.smx] "Console<0><Console><Console>" changed cvar (cvar "sb_escort") (value "1")
L 02/05/2018 - 13:05:18: [basecommands.smx] "Console<0><Console><Console>" changed cvar (cvar "fps_max") (value "0")
L 02/05/2018 - 13:05:18: [basecommands.smx] "Console<0><Console><Console>" changed cvar (cvar "sv_region") (value "4")
L 02/05/2018 - 13:05:18: [basecommands.smx] "Console<0><Console><Console>" changed cvar (cvar "sv_minrate") (value "30000")
L 02/05/2018 - 13:05:18: [basecommands.smx] "Console<0><Console><Console>" changed cvar (cvar "sv_maxrate") (value "30000")
L 02/05/2018 - 13:05:18: [basecommands.smx] "Console<0><Console><Console>" changed cvar (cvar "sv_minupdaterate") (value "30")
L 02/05/2018 - 13:05:18: [basecommands.smx] "Console<0><Console><Console>" changed cvar (cvar "sv_maxupdaterate") (value "31")
L 02/05/2018 - 13:05:18: [basecommands.smx] "Console<0><Console><Console>" changed cvar (cvar "sv_mincmdrate") (value "30")
L 02/05/2018 - 13:05:18: [basecommands.smx] "Console<0><Console><Console>" changed cvar (cvar "sv_maxcmdrate") (value "31")
L 02/05/2018 - 13:05:18: [basecommands.smx] "Console<0><Console><Console>" changed cvar (cvar "sv_client_min_interp_ratio") (value "0")
L 02/05/2018 - 13:05:18: [basecommands.smx] "Console<0><Console><Console>" changed cvar (cvar "sv_client_max_interp_ratio") (value "2")
L 02/05/2018 - 13:05:19: [basecommands.smx] "Console<0><Console><Console>" changed cvar (cvar "sv_maxplayers") (value "8")
L 02/05/2018 - 13:05:19: [basecommands.smx] "Console<0><Console><Console>" changed cvar (cvar "sv_visiblemaxplayers") (value "8")
L 02/05/2018 - 13:15:20: -------- Mapchange to c1m3_mall --------
L 02/05/2018 - 13:15:22: [basecommands.smx] "Console<0><Console><Console>" changed cvar (cvar "mp_gamemode") (value "coop")
L 02/05/2018 - 13:15:22: [basecommands.smx] "Console<0><Console><Console>" changed cvar (cvar "sb_all_bot_game") (value "1")
L 02/05/2018 - 13:15:22: [basecommands.smx] "Console<0><Console><Console>" changed cvar (cvar "sb_escort") (value "1")
L 02/05/2018 - 13:15:22: [basecommands.smx] "Console<0><Console><Console>" changed cvar (cvar "fps_max") (value "0")
L 02/05/2018 - 13:15:22: [basecommands.smx] "Console<0><Console><Console>" changed cvar (cvar "sv_region") (value "4")
L 02/05/2018 - 13:15:22: [basecommands.smx] "Console<0><Console><Console>" changed cvar (cvar "sv_minrate") (value "30000")
L 02/05/2018 - 13:15:22: [basecommands.smx] "Console<0><Console><Console>" changed cvar (cvar "sv_maxrate") (value "30000")
L 02/05/2018 - 13:15:22: [basecommands.smx] "Console<0><Console><Console>" changed cvar (cvar "sv_minupdaterate") (value "30")
L 02/05/2018 - 13:15:22: [basecommands.smx] "Console<0><Console><Console>" changed cvar (cvar "sv_maxupdaterate") (value "31")
L 02/05/2018 - 13:15:22: [basecommands.smx] "Console<0><Console><Console>" changed cvar (cvar "sv_mincmdrate") (value "30")
L 02/05/2018 - 13:15:22: [basecommands.smx] "Console<0><Console><Console>" changed cvar (cvar "sv_maxcmdrate") (value "31")
L 02/05/2018 - 13:15:22: [basecommands.smx] "Console<0><Console><Console>" changed cvar (cvar "sv_client_min_interp_ratio") (value "0")
L 02/05/2018 - 13:15:22: [basecommands.smx] "Console<0><Console><Console>" changed cvar (cvar "sv_client_max_interp_ratio") (value "2")
L 02/05/2018 - 13:15:23: [basecommands.smx] "Console<0><Console><Console>" changed cvar (cvar "sv_maxplayers") (value "8")
L 02/05/2018 - 13:15:23: [basecommands.smx] "Console<0><Console><Console>" changed cvar (cvar "sv_visiblemaxplayers") (value "8")
L 02/05/2018 - 13:21:56: [basecommands.smx] "Console<0><Console><Console>" changed cvar (cvar "sv_maxplayers") (value "8")
L 02/05/2018 - 13:21:56: [basecommands.smx] "Console<0><Console><Console>" changed cvar (cvar "sv_visiblemaxplayers") (value "8")
L 02/05/2018 - 13:31:47: -------- Mapchange to c1m3_mall --------
L 02/05/2018 - 13:31:49: [basecommands.smx] "Console<0><Console><Console>" changed cvar (cvar "mp_gamemode") (value "coop")
L 02/05/2018 - 13:31:49: [basecommands.smx] "Console<0><Console><Console>" changed cvar (cvar "sb_all_bot_game") (value "1")
L 02/05/2018 - 13:31:49: [basecommands.smx] "Console<0><Console><Console>" changed cvar (cvar "sb_escort") (value "1")
L 02/05/2018 - 13:31:49: [basecommands.smx] "Console<0><Console><Console>" changed cvar (cvar "fps_max") (value "0")
L 02/05/2018 - 13:31:49: [basecommands.smx] "Console<0><Console><Console>" changed cvar (cvar "sv_region") (value "4")
L 02/05/2018 - 13:31:49: [basecommands.smx] "Console<0><Console><Console>" changed cvar (cvar "sv_minrate") (value "30000")
L 02/05/2018 - 13:31:49: [basecommands.smx] "Console<0><Console><Console>" changed cvar (cvar "sv_maxrate") (value "30000")
L 02/05/2018 - 13:31:49: [basecommands.smx] "Console<0><Console><Console>" changed cvar (cvar "sv_minupdaterate") (value "30")
L 02/05/2018 - 13:31:49: [basecommands.smx] "Console<0><Console><Console>" changed cvar (cvar "sv_maxupdaterate") (value "31")
L 02/05/2018 - 13:31:49: [basecommands.smx] "Console<0><Console><Console>" changed cvar (cvar "sv_mincmdrate") (value "30")
L 02/05/2018 - 13:31:49: [basecommands.smx] "Console<0><Console><Console>" changed cvar (cvar "sv_maxcmdrate") (value "31")
L 02/05/2018 - 13:31:49: [basecommands.smx] "Console<0><Console><Console>" changed cvar (cvar "sv_client_min_interp_ratio") (value "0")
L 02/05/2018 - 13:31:49: [basecommands.smx] "Console<0><Console><Console>" changed cvar (cvar "sv_client_max_interp_ratio") (value "2")
L 02/05/2018 - 13:31:50: [basecommands.smx] "Console<0><Console><Console>" changed cvar (cvar "sv_maxplayers") (value "8")
L 02/05/2018 - 13:31:50: [basecommands.smx] "Console<0><Console><Console>" changed cvar (cvar "sv_visiblemaxplayers") (value "8")
L 02/05/2018 - 13:59:32: [basecommands.smx] "Console<0><Console><Console>" changed cvar (cvar "sv_maxplayers") (value "8")
L 02/05/2018 - 13:59:32: [basecommands.smx] "Console<0><Console><Console>" changed cvar (cvar "sv_visiblemaxplayers") (value "8")
